[NOTE] coq-tactician-stdlib is not installed.

[NOTE] Package coq-tactician-api is already pinned to git+ssh://git@github.com/BlueRavenAI/coq-tactician-api#677f20ae9a955f88163d4d299799328af86ae415 (version 15.0+8.11).
[WARNING] Failed checks on coq-tactician-api package definition from source at git+ssh://git@github.com/BlueRavenAI/coq-tactician-api#677f20ae9a955f88163d4d299799328af86ae415:
           warning 68: Missing field 'license'
[ERROR] The compilation of coq-tactician-stdlib.8.11.dev failed at "make -j7".

#=== ERROR while compiling coq-tactician-stdlib.8.11.dev ======================#
# context              2.2.1 | linux/x86_64 |  | https://coq.inria.fr/opam/extra-dev#2025-11-22 20:22
# path                 ~/tmp/opam-root/bench/.opam-switch/build/coq-tactician-stdlib.8.11.dev
# command              ~/tmp/opam-root/bench/bin/tactician exec -- make -j7
# exit-code            2
# env-file             ~/tmp/opam-root/log/coq-tactician-stdlib-337750-4bf1ef.env
# output-file          ~/tmp/opam-root/log/coq-tactician-stdlib-337750-4bf1ef.out
### output ###
# Traceback (most recent call last):
# [...]
#   File "/home/brai/.conda/envs/tactician-ext/lib/python3.11/site-packages/jax/_src/random.py", line 2324, in orthogonal
#     q, r = jnp_linalg.qr(z)
#            ^^^^^^^^^^^^^^^^
# jaxlib._jax.XlaRuntimeError: INTERNAL: jaxlib/gpu/blas_handle_pool.cc:33: operation gpublasCreate(&handle) failed: cuBlas allocation failure
# --------------------
# For simplicity, JAX has removed its internal frames from the traceback of the following exception. Set JAX_TRACEBACK_FILTERING=off to include these.
# File "/home/brai/tmp/opam-root/bench/share/coq-tactician/plugins/zzz-benchmark/Injections.v", line 2, characters 0-31:
# Error: Error while communicating with proving server:
# Connection reset by peer
# 
# make: *** [Makefile:61: theories/Init/Datatypes.vo] Error 1

2025-11-24 06:17:43.917282Z Error Rpc_parallel: (monitor.ml.Error ("OpamStd.OpamSys.Exit(31)")
  ("Raised at Base__Result.ok_exn in file \"src/result.ml\", line 251, characters 17-26"
    "Called from Async_kernel__Deferred1.M.map.(fun) in file \"src/deferred1.ml\", line 17, characters 40-45"
    "Called from Async_kernel__Job_queue.run_jobs in file \"src/job_queue.ml\", line 180, characters 6-47")) ... Shutting down.
Abnormal exit code for build worker on host 902190b4a50c. Code: 254