[WARNING] /home/ubuntu/.opam exists and is not empty
[WARNING] Failed checks on coq-tactician package definition from source at git+ssh://git@github.com/coq-tactician/coq-tactician#f267afe31ab82b071d3f03d08bc4a6595c30b1d2:
           warning 68: Missing field 'license'
[ERROR] The compilation of ocaml-base-compiler.4.12.1 failed at "make -j13".

#=== ERROR while compiling ocaml-base-compiler.4.12.1 =========================#
# context              2.2.1 | linux/x86_64 |  | https://opam.ocaml.org#c31c18de15e89738fc8f0a9a43ea240e9af44337
# path                 ~/workspace/projects/benchmark-system/tmp-root2/tactician.tmp.AFSI9t/opam-root/bench/.opam-switch/build/ocaml-base-compiler.4.12.1
# command              /usr/bin/make -j13
# exit-code            2
# env-file             /tmp/opam-ubuntu-503571/ocaml-base-compiler-503571-4b6654.env
# output-file          /tmp/opam-ubuntu-503571/ocaml-base-compiler-503571-4b6654.out
### output ###
# 34 |   | Pconst_string of string * Location.t * string option
# [...]
# Error: Unbound module Location
# make[4]: *** [Makefile:181: dynlink_compilerlibs/parsetree.cmo] Error 2
# make[4]: *** Waiting for unfinished jobs....
# make[4]: Leaving directory '/home/ubuntu/workspace/projects/benchmark-system/tmp-root2/tactician.tmp.AFSI9t/opam-root/bench/.opam-switch/build/ocaml-base-compiler.4.12.1/otherlibs/dynlink'
# make[3]: *** [Makefile:34: all] Error 2
# make[3]: Leaving directory '/home/ubuntu/workspace/projects/benchmark-system/tmp-root2/tactician.tmp.AFSI9t/opam-root/bench/.opam-switch/build/ocaml-base-compiler.4.12.1/otherlibs'
# make[2]: *** [Makefile:892: otherlibraries] Error 2
# make[2]: Leaving directory '/home/ubuntu/workspace/projects/benchmark-system/tmp-root2/tactician.tmp.AFSI9t/opam-root/bench/.opam-switch/build/ocaml-base-compiler.4.12.1'
# make[1]: *** [Makefile:217: opt.opt] Error 2
# make[1]: Leaving directory '/home/ubuntu/workspace/projects/benchmark-system/tmp-root2/tactician.tmp.AFSI9t/opam-root/bench/.opam-switch/build/ocaml-base-compiler.4.12.1'
# make: *** [Makefile:275: world.opt] Error 2

